<?xml version="1.0" encoding="UTF-8"?>
<testng-results ignored="0" total="1" passed="0" failed="1" skipped="0">
  <reporter-output>
  </reporter-output>
  <suite started-at="2024-05-23T16:25:14 IST" name="Suite" finished-at="2024-05-23T16:25:25 IST" duration-ms="10336">
    <groups>
      <group name="cucumber">
        <method signature="AbstractTestNGCucumberTests.runScenario(io.cucumber.testng.PickleWrapper,io.cucumber.testng.FeatureWrapper)[pri:0, instance:testRunner.TestRunner@6e9175d8]" name="runScenario" class="io.cucumber.testng.AbstractTestNGCucumberTests"/>
      </group> <!-- cucumber -->
    </groups>
    <test started-at="2024-05-23T16:25:14 IST" name="Test" finished-at="2024-05-23T16:25:25 IST" duration-ms="10336">
      <class name="testRunner.TestRunner">
        <test-method is-config="true" signature="setUpClass(org.testng.ITestContext)[pri:0, instance:testRunner.TestRunner@6e9175d8]" started-at="2024-05-23T16:25:14 IST" name="setUpClass" finished-at="2024-05-23T16:25:14 IST" duration-ms="155" status="PASS">
          <params>
            <param index="0">
              <value>
                <![CDATA[org.testng.TestRunner@69cd1085]]>
              </value>
            </param>
          </params>
          <reporter-output>
          </reporter-output>
        </test-method> <!-- setUpClass -->
        <test-method signature="runScenario(io.cucumber.testng.PickleWrapper,io.cucumber.testng.FeatureWrapper)[pri:0, instance:testRunner.TestRunner@6e9175d8]" started-at="2024-05-23T16:25:14 IST" name="runScenario" description="Runs Cucumber Scenarios" data-provider="scenarios" finished-at="2024-05-23T16:25:25 IST" duration-ms="10123" status="FAIL">
          <params>
            <param index="0">
              <value>
                <![CDATA["validate the Login Page"]]>
              </value>
            </param>
            <param index="1">
              <value>
                <![CDATA["I want to validate"]]>
              </value>
            </param>
          </params>
          <exception class="java.lang.AssertionError">
            <message>
              <![CDATA[Specified data is not available or might be numeric in the excel (Add single quotes to the data).]]>
            </message>
            <full-stacktrace>
              <![CDATA[java.lang.AssertionError: Specified data is not available or might be numeric in the excel (Add single quotes to the data).
at org.testng.Assert.fail(Assert.java:111)
at utils.DataHelper.readDataRowWise(DataHelper.java:153)
at stepDef.StepDef_Test1.user_open_the_application(StepDef_Test1.java:24)
at âœ½.user open the application(file:///C:/Users/dangr/eclipse-workspace/RestAssured/bdd/src/test/resources/Features/FreeCRM.feature:15)
]]>
            </full-stacktrace>
          </exception> <!-- java.lang.AssertionError -->
          <reporter-output>
          </reporter-output>
        </test-method> <!-- runScenario -->
        <test-method is-config="true" signature="tearDownClass()[pri:0, instance:testRunner.TestRunner@6e9175d8]" started-at="2024-05-23T16:25:25 IST" name="tearDownClass" finished-at="2024-05-23T16:25:25 IST" duration-ms="6" status="PASS">
          <reporter-output>
          </reporter-output>
        </test-method> <!-- tearDownClass -->
      </class> <!-- testRunner.TestRunner -->
    </test> <!-- Test -->
  </suite> <!-- Suite -->
</testng-results>
